<?xml version="1.0" encoding="UTF-8"?>
<!-- Generated by org.testng.reporters.JUnitXMLReporter -->
<testsuite hostname="LAPTOP-TVI1ELCL" ignored="4" name="Test" tests="2" failures="0" timestamp="2022-01-17T10:39:48 IST" time="0.099" errors="0">
  <testcase name="testCaseFive" time="0.014" classname="Testng.NewTestmegha$NewTest1"/>
  <testcase name="testCaseThree" time="0.002" classname="Testng.NewTestmegha$NewTest1"/>
  <testcase name="testCaseOne" time="0.0" classname="Testng.NewTestmegha$NewTest1">
    <ignored/>
  </testcase> <!-- testCaseOne -->
  <testcase name="testCaseTwo" time="0.0" classname="Testng.NewTestmegha$NewTest1">
    <ignored/>
  </testcase> <!-- testCaseTwo -->
  <testcase name="testCaseFour" time="0.0" classname="Testng.NewTestmegha$NewTest1">
    <ignored/>
  </testcase> <!-- testCaseFour -->
  <testcase name="testCaseSix" time="0.0" classname="Testng.NewTestmegha$NewTest1">
    <ignored/>
  </testcase> <!-- testCaseSix -->
</testsuite> <!-- Test -->
