<?xml version="1.0" encoding="UTF-8"?>
<!-- Generated by org.testng.reporters.JUnitXMLReporter -->
<testsuite hostname="LAPTOP-TVI1ELCL" ignored="1" name="Testexample" tests="14" failures="0" timestamp="2022-01-13T11:10:15 IST" time="25.196" errors="0">
  <testcase name="Mango" time="0.021" classname="Testng.withPeriority1"/>
  <testcase name="APPle" time="0.044" classname="Testng.withPeriority1"/>
  <testcase name="WaterMelon" time="0.012" classname="Testng.withPeriority1"/>
  <testcase name="loginWithEmpty" time="0.013" classname="Testng.descriptiontest"/>
  <testcase name="loginWithInValidUser" time="0.005" classname="Testng.descriptiontest"/>
  <testcase name="loginWithValidUser" time="0.003" classname="Testng.descriptiontest"/>
  <testcase name="testcase1" time="0.003" classname="Testng.SampleTesting"/>
  <testcase name="MobileStudentLogin" time="0.002" classname="Testng.Dependontest"/>
  <testcase name="webStudentLogin" time="0.005" classname="Testng.Dependontest"/>
  <testcase name="ApiStudentLogin" time="0.003" classname="Testng.Dependontest"/>
  <testcase name="OpenBrowserAndLogin" time="24.903" classname="Testng.activeTimeTask"/>
  <testcase name="testcase1" time="0.001" classname="Testng.sampletesting1"/>
  <testcase name="c_language" time="0.001" classname="Testng.withEnabled"/>
  <testcase name="java" time="0.001" classname="Testng.withEnabled"/>
  <testcase name="jira" time="0.0" classname="Testng.withEnabled">
    <ignored/>
  </testcase> <!-- jira -->
</testsuite> <!-- Testexample -->
